<?xml version="1.0" encoding="UTF-8"?>
<!-- Generated by org.testng.reporters.JUnitXMLReporter -->
<testsuite ignored="4" hostname="Devs-MacBook-Air.local" failures="0" tests="1" name="selenium" time="7.875" errors="0" timestamp="2022-05-29T15:25:48 IST">
  <testcase classname="qa.pages.homepageTest" name="clickProduct" time="2.834"/>
  <testcase classname="qa.pages.homepageTest" name="clickHomeLogo" time="0.0">
    <ignored/>
  </testcase> <!-- clickHomeLogo -->
  <testcase classname="qa.pages.homepageTest" name="clickLogin" time="0.0">
    <ignored/>
  </testcase> <!-- clickLogin -->
  <testcase classname="qa.pages.homepageTest" name="clickCategory" time="0.0">
    <ignored/>
  </testcase> <!-- clickCategory -->
  <testcase classname="qa.pages.homepageTest" name="scroll" time="0.0">
    <ignored/>
  </testcase> <!-- scroll -->
</testsuite> <!-- selenium -->
